<?xml version="1.0" encoding="UTF-8"?>
<testsuite xmlns:xsi="http://www.w3.org/2001/XMLSchema-instance" xsi:noNamespaceSchemaLocation="https://maven.apache.org/surefire/maven-surefire-plugin/xsd/surefire-test-report-3.0.xsd" version="3.0" name="cucumberOptions.TestRunner" time="32.053" tests="5" errors="0" skipped="0" failures="0">
  <properties>
    <property name="BrowserName" value=""/>
    <property name="gopherProxySet" value="false"/>
    <property name="awt.toolkit" value="sun.lwawt.macosx.LWCToolkit"/>
    <property name="Os" value=""/>
    <property name="file.encoding.pkg" value="sun.io"/>
    <property name="java.specification.version" value="1.8"/>
    <property name="sun.cpu.isalist" value=""/>
    <property name="sun.jnu.encoding" value="UTF-8"/>
    <property name="java.class.path" value="/Users/karimmekdoud/Desktop/CucumberJenkinsIntegration/target/test-classes:/Users/karimmekdoud/Desktop/CucumberJenkinsIntegration/target/classes:/Users/karimmekdoud/.m2/repository/io/cucumber/cucumber-html/0.2.7/cucumber-html-0.2.7.jar:/Users/karimmekdoud/.m2/repository/io/cucumber/gherkin/5.1.0/gherkin-5.1.0.jar:/Users/karimmekdoud/.m2/repository/io/cucumber/gherkin-jvm-deps/1.0.4/gherkin-jvm-deps-1.0.4.jar:/Users/karimmekdoud/.m2/repository/io/cucumber/cucumber-jvm-deps/1.0.6/cucumber-jvm-deps-1.0.6.jar:/Users/karimmekdoud/.m2/repository/io/cucumber/cucumber-picocontainer/5.5.0/cucumber-picocontainer-5.5.0.jar:/Users/karimmekdoud/.m2/repository/org/apiguardian/apiguardian-api/1.1.0/apiguardian-api-1.1.0.jar:/Users/karimmekdoud/.m2/repository/org/picocontainer/picocontainer/2.15/picocontainer-2.15.jar:/Users/karimmekdoud/.m2/repository/junit/junit/4.13.2/junit-4.13.2.jar:/Users/karimmekdoud/.m2/repository/org/hamcrest/hamcrest-core/1.3/hamcrest-core-1.3.jar:/Users/karimmekdoud/.m2/repository/io/cucumber/cucumber-java/6.10.4/cucumber-java-6.10.4.jar:/Users/karimmekdoud/.m2/repository/io/cucumber/cucumber-core/6.10.4/cucumber-core-6.10.4.jar:/Users/karimmekdoud/.m2/repository/io/cucumber/cucumber-gherkin/6.10.4/cucumber-gherkin-6.10.4.jar:/Users/karimmekdoud/.m2/repository/io/cucumber/cucumber-gherkin-messages/6.10.4/cucumber-gherkin-messages-6.10.4.jar:/Users/karimmekdoud/.m2/repository/io/cucumber/messages/15.0.0/messages-15.0.0.jar:/Users/karimmekdoud/.m2/repository/io/cucumber/tag-expressions/3.0.1/tag-expressions-3.0.1.jar:/Users/karimmekdoud/.m2/repository/io/cucumber/cucumber-expressions/10.3.0/cucumber-expressions-10.3.0.jar:/Users/karimmekdoud/.m2/repository/io/cucumber/datatable/3.5.0/datatable-3.5.0.jar:/Users/karimmekdoud/.m2/repository/io/cucumber/cucumber-plugin/6.10.4/cucumber-plugin-6.10.4.jar:/Users/karimmekdoud/.m2/repository/io/cucumber/docstring/6.10.4/docstring-6.10.4.jar:/Users/karimmekdoud/.m2/repository/io/cucumber/html-formatter/13.0.0/html-formatter-13.0.0.jar:/Users/karimmekdoud/.m2/repository/io/cucumber/create-meta/4.0.0/create-meta-4.0.0.jar:/Users/karimmekdoud/.m2/repository/io/cucumber/cucumber-junit/6.10.4/cucumber-junit-6.10.4.jar:/Users/karimmekdoud/.m2/repository/commons-io/commons-io/2.5/commons-io-2.5.jar:/Users/karimmekdoud/.m2/repository/tech/grasshopper/extentreports-cucumber6-adapter/2.8.2/extentreports-cucumber6-adapter-2.8.2.jar:/Users/karimmekdoud/.m2/repository/com/aventstack/extentreports/5.0.6/extentreports-5.0.6.jar:/Users/karimmekdoud/.m2/repository/io/reactivex/rxjava3/rxjava/3.0.4/rxjava-3.0.4.jar:/Users/karimmekdoud/.m2/repository/org/reactivestreams/reactive-streams/1.0.3/reactive-streams-1.0.3.jar:/Users/karimmekdoud/.m2/repository/org/freemarker/freemarker/2.3.30/freemarker-2.3.30.jar:/Users/karimmekdoud/.m2/repository/org/projectlombok/lombok/1.18.12/lombok-1.18.12.jar:/Users/karimmekdoud/.m2/repository/tech/grasshopper/extent-pdf-report/1.7.2/extent-pdf-report-1.7.2.jar:/Users/karimmekdoud/.m2/repository/tech/grasshopper/cucumber-pdf-report/2.2.3/cucumber-pdf-report-2.2.3.jar:/Users/karimmekdoud/.m2/repository/org/apache/pdfbox/pdfbox/2.0.22/pdfbox-2.0.22.jar:/Users/karimmekdoud/.m2/repository/org/apache/pdfbox/fontbox/2.0.22/fontbox-2.0.22.jar:/Users/karimmekdoud/.m2/repository/org/knowm/xchart/xchart/3.8.0/xchart-3.8.0.jar:/Users/karimmekdoud/.m2/repository/de/erichseifert/vectorgraphics2d/VectorGraphics2D/0.13/VectorGraphics2D-0.13.jar:/Users/karimmekdoud/.m2/repository/de/rototor/pdfbox/graphics2d/0.30/graphics2d-0.30.jar:/Users/karimmekdoud/.m2/repository/com/madgag/animated-gif-lib/1.4/animated-gif-lib-1.4.jar:/Users/karimmekdoud/.m2/repository/org/yaml/snakeyaml/1.28/snakeyaml-1.28.jar:/Users/karimmekdoud/.m2/repository/tech/grasshopper/table-layout/1.2.0/table-layout-1.2.0.jar:/Users/karimmekdoud/.m2/repository/com/aventstack/klov-reporter/5.0.6/klov-reporter-5.0.6.jar:/Users/karimmekdoud/.m2/repository/org/mongodb/bson/3.6.4/bson-3.6.4.jar:/Users/karimmekdoud/.m2/repository/org/apache/httpcomponents/httpmime/4.5.2/httpmime-4.5.2.jar:/Users/karimmekdoud/.m2/repository/org/mongodb/mongodb-driver/3.3.0/mongodb-driver-3.3.0.jar:/Users/karimmekdoud/.m2/repository/org/mongodb/mongodb-driver-core/3.3.0/mongodb-driver-core-3.3.0.jar:/Users/karimmekdoud/.m2/repository/net/masterthought/maven-cucumber-reporting/5.5.0/maven-cucumber-reporting-5.5.0.jar:/Users/karimmekdoud/.m2/repository/org/apache/maven/maven-plugin-api/3.6.3/maven-plugin-api-3.6.3.jar:/Users/karimmekdoud/.m2/repository/org/apache/maven/maven-model/3.6.3/maven-model-3.6.3.jar:/Users/karimmekdoud/.m2/repository/org/apache/maven/maven-artifact/3.6.3/maven-artifact-3.6.3.jar:/Users/karimmekdoud/.m2/repository/org/eclipse/sisu/org.eclipse.sisu.plexus/0.3.4/org.eclipse.sisu.plexus-0.3.4.jar:/Users/karimmekdoud/.m2/repository/javax/enterprise/cdi-api/1.0/cdi-api-1.0.jar:/Users/karimmekdoud/.m2/repository/javax/annotation/jsr250-api/1.0/jsr250-api-1.0.jar:/Users/karimmekdoud/.m2/repository/javax/inject/javax.inject/1/javax.inject-1.jar:/Users/karimmekdoud/.m2/repository/org/eclipse/sisu/org.eclipse.sisu.inject/0.3.4/org.eclipse.sisu.inject-0.3.4.jar:/Users/karimmekdoud/.m2/repository/org/codehaus/plexus/plexus-component-annotations/1.5.5/plexus-component-annotations-1.5.5.jar:/Users/karimmekdoud/.m2/repository/org/codehaus/plexus/plexus-utils/3.2.1/plexus-utils-3.2.1.jar:/Users/karimmekdoud/.m2/repository/org/codehaus/plexus/plexus-classworlds/2.6.0/plexus-classworlds-2.6.0.jar:/Users/karimmekdoud/.m2/repository/org/apache/maven/plugins/maven-gpg-plugin/1.6/maven-gpg-plugin-1.6.jar:/Users/karimmekdoud/.m2/repository/org/apache/maven/maven-project/2.2.1/maven-project-2.2.1.jar:/Users/karimmekdoud/.m2/repository/org/apache/maven/maven-settings/2.2.1/maven-settings-2.2.1.jar:/Users/karimmekdoud/.m2/repository/org/apache/maven/maven-profile/2.2.1/maven-profile-2.2.1.jar:/Users/karimmekdoud/.m2/repository/org/apache/maven/maven-artifact-manager/2.2.1/maven-artifact-manager-2.2.1.jar:/Users/karimmekdoud/.m2/repository/org/apache/maven/wagon/wagon-provider-api/1.0-beta-6/wagon-provider-api-1.0-beta-6.jar:/Users/karimmekdoud/.m2/repository/backport-util-concurrent/backport-util-concurrent/3.1/backport-util-concurrent-3.1.jar:/Users/karimmekdoud/.m2/repository/org/apache/maven/maven-plugin-registry/2.2.1/maven-plugin-registry-2.2.1.jar:/Users/karimmekdoud/.m2/repository/org/codehaus/plexus/plexus-interpolation/1.11/plexus-interpolation-1.11.jar:/Users/karimmekdoud/.m2/repository/org/codehaus/plexus/plexus-container-default/1.0-alpha-9-stable-1/plexus-container-default-1.0-alpha-9-stable-1.jar:/Users/karimmekdoud/.m2/repository/classworlds/classworlds/1.1-alpha-2/classworlds-1.1-alpha-2.jar:/Users/karimmekdoud/.m2/repository/org/apache/maven/maven-repository-metadata/2.2.1/maven-repository-metadata-2.2.1.jar:/Users/karimmekdoud/.m2/repository/org/sonatype/plexus/plexus-sec-dispatcher/1.4/plexus-sec-dispatcher-1.4.jar:/Users/karimmekdoud/.m2/repository/org/sonatype/plexus/plexus-cipher/1.4/plexus-cipher-1.4.jar:/Users/karimmekdoud/.m2/repository/net/masterthought/cucumber-reporting/5.5.2/cucumber-reporting-5.5.2.jar:/Users/karimmekdoud/.m2/repository/com/fasterxml/jackson/core/jackson-databind/2.12.1/jackson-databind-2.12.1.jar:/Users/karimmekdoud/.m2/repository/com/fasterxml/jackson/core/jackson-annotations/2.12.1/jackson-annotations-2.12.1.jar:/Users/karimmekdoud/.m2/repository/com/fasterxml/jackson/core/jackson-core/2.12.1/jackson-core-2.12.1.jar:/Users/karimmekdoud/.m2/repository/com/fasterxml/jackson/datatype/jackson-datatype-jsr310/2.12.1/jackson-datatype-jsr310-2.12.1.jar:/Users/karimmekdoud/.m2/repository/org/apache/velocity/velocity-engine-core/2.2/velocity-engine-core-2.2.jar:/Users/karimmekdoud/.m2/repository/commons-collections/commons-collections/3.2.2/commons-collections-3.2.2.jar:/Users/karimmekdoud/.m2/repository/joda-time/joda-time/2.10.9/joda-time-2.10.9.jar:/Users/karimmekdoud/.m2/repository/com/googlecode/owasp-java-html-sanitizer/owasp-java-html-sanitizer/20200713.1/owasp-java-html-sanitizer-20200713.1.jar:/Users/karimmekdoud/.m2/repository/commons-configuration/commons-configuration/1.10/commons-configuration-1.10.jar:/Users/karimmekdoud/.m2/repository/commons-lang/commons-lang/2.6/commons-lang-2.6.jar:/Users/karimmekdoud/.m2/repository/org/seleniumhq/selenium/selenium-java/3.141.59/selenium-java-3.141.59.jar:/Users/karimmekdoud/.m2/repository/org/seleniumhq/selenium/selenium-api/3.141.59/selenium-api-3.141.59.jar:/Users/karimmekdoud/.m2/repository/org/seleniumhq/selenium/selenium-chrome-driver/3.141.59/selenium-chrome-driver-3.141.59.jar:/Users/karimmekdoud/.m2/repository/org/seleniumhq/selenium/selenium-edge-driver/3.141.59/selenium-edge-driver-3.141.59.jar:/Users/karimmekdoud/.m2/repository/org/seleniumhq/selenium/selenium-firefox-driver/3.141.59/selenium-firefox-driver-3.141.59.jar:/Users/karimmekdoud/.m2/repository/org/seleniumhq/selenium/selenium-ie-driver/3.141.59/selenium-ie-driver-3.141.59.jar:/Users/karimmekdoud/.m2/repository/org/seleniumhq/selenium/selenium-opera-driver/3.141.59/selenium-opera-driver-3.141.59.jar:/Users/karimmekdoud/.m2/repository/org/seleniumhq/selenium/selenium-remote-driver/3.141.59/selenium-remote-driver-3.141.59.jar:/Users/karimmekdoud/.m2/repository/org/seleniumhq/selenium/selenium-safari-driver/3.141.59/selenium-safari-driver-3.141.59.jar:/Users/karimmekdoud/.m2/repository/org/seleniumhq/selenium/selenium-support/3.141.59/selenium-support-3.141.59.jar:/Users/karimmekdoud/.m2/repository/net/bytebuddy/byte-buddy/1.8.15/byte-buddy-1.8.15.jar:/Users/karimmekdoud/.m2/repository/org/apache/commons/commons-exec/1.3/commons-exec-1.3.jar:/Users/karimmekdoud/.m2/repository/com/google/guava/guava/25.0-jre/guava-25.0-jre.jar:/Users/karimmekdoud/.m2/repository/com/google/code/findbugs/jsr305/1.3.9/jsr305-1.3.9.jar:/Users/karimmekdoud/.m2/repository/org/checkerframework/checker-compat-qual/2.0.0/checker-compat-qual-2.0.0.jar:/Users/karimmekdoud/.m2/repository/com/google/errorprone/error_prone_annotations/2.1.3/error_prone_annotations-2.1.3.jar:/Users/karimmekdoud/.m2/repository/com/google/j2objc/j2objc-annotations/1.1/j2objc-annotations-1.1.jar:/Users/karimmekdoud/.m2/repository/org/codehaus/mojo/animal-sniffer-annotations/1.14/animal-sniffer-annotations-1.14.jar:/Users/karimmekdoud/.m2/repository/com/squareup/okhttp3/okhttp/3.11.0/okhttp-3.11.0.jar:/Users/karimmekdoud/.m2/repository/com/squareup/okio/okio/1.14.0/okio-1.14.0.jar:/Users/karimmekdoud/.m2/repository/io/github/bonigarcia/webdrivermanager/3.8.1/webdrivermanager-3.8.1.jar:/Users/karimmekdoud/.m2/repository/org/slf4j/slf4j-api/1.7.25/slf4j-api-1.7.25.jar:/Users/karimmekdoud/.m2/repository/com/google/code/gson/gson/2.8.5/gson-2.8.5.jar:/Users/karimmekdoud/.m2/repository/org/apache/commons/commons-lang3/3.8.1/commons-lang3-3.8.1.jar:/Users/karimmekdoud/.m2/repository/org/apache/httpcomponents/httpclient/4.5.6/httpclient-4.5.6.jar:/Users/karimmekdoud/.m2/repository/org/apache/httpcomponents/httpcore/4.4.10/httpcore-4.4.10.jar:/Users/karimmekdoud/.m2/repository/commons-logging/commons-logging/1.2/commons-logging-1.2.jar:/Users/karimmekdoud/.m2/repository/commons-codec/commons-codec/1.10/commons-codec-1.10.jar:/Users/karimmekdoud/.m2/repository/org/rauschig/jarchivelib/1.0.0/jarchivelib-1.0.0.jar:/Users/karimmekdoud/.m2/repository/org/apache/commons/commons-compress/1.18/commons-compress-1.18.jar:/Users/karimmekdoud/.m2/repository/org/jsoup/jsoup/1.11.3/jsoup-1.11.3.jar:/Users/karimmekdoud/.m2/repository/log4j/log4j/1.2.17/log4j-1.2.17.jar:"/>
    <property name="java.vm.vendor" value="Oracle Corporation"/>
    <property name="sun.arch.data.model" value="64"/>
    <property name="java.vendor.url" value="http://java.oracle.com/"/>
    <property name="user.timezone" value=""/>
    <property name="java.vm.specification.version" value="1.8"/>
    <property name="os.name" value="Mac OS X"/>
    <property name="user.country" value="US"/>
    <property name="sun.java.launcher" value="SUN_STANDARD"/>
    <property name="sun.boot.library.path" value="/Library/Java/JavaVirtualMachines/jdk1.8.0_251.jdk/Contents/Home/jre/lib"/>
    <property name="sun.java.command" value="/Users/karimmekdoud/Desktop/CucumberJenkinsIntegration/target/surefire/surefirebooter2179181586152846753.jar /Users/karimmekdoud/Desktop/CucumberJenkinsIntegration/target/surefire 2021-09-27T12-56-24_032-jvmRun1 surefire2914344625263259477tmp surefire_08983056886896021168tmp"/>
    <property name="http.nonProxyHosts" value="local|*.local|169.254/16|*.169.254/16"/>
    <property name="surefire.test.class.path" value="/Users/karimmekdoud/Desktop/CucumberJenkinsIntegration/target/test-classes:/Users/karimmekdoud/Desktop/CucumberJenkinsIntegration/target/classes:/Users/karimmekdoud/.m2/repository/io/cucumber/cucumber-html/0.2.7/cucumber-html-0.2.7.jar:/Users/karimmekdoud/.m2/repository/io/cucumber/gherkin/5.1.0/gherkin-5.1.0.jar:/Users/karimmekdoud/.m2/repository/io/cucumber/gherkin-jvm-deps/1.0.4/gherkin-jvm-deps-1.0.4.jar:/Users/karimmekdoud/.m2/repository/io/cucumber/cucumber-jvm-deps/1.0.6/cucumber-jvm-deps-1.0.6.jar:/Users/karimmekdoud/.m2/repository/io/cucumber/cucumber-picocontainer/5.5.0/cucumber-picocontainer-5.5.0.jar:/Users/karimmekdoud/.m2/repository/org/apiguardian/apiguardian-api/1.1.0/apiguardian-api-1.1.0.jar:/Users/karimmekdoud/.m2/repository/org/picocontainer/picocontainer/2.15/picocontainer-2.15.jar:/Users/karimmekdoud/.m2/repository/junit/junit/4.13.2/junit-4.13.2.jar:/Users/karimmekdoud/.m2/repository/org/hamcrest/hamcrest-core/1.3/hamcrest-core-1.3.jar:/Users/karimmekdoud/.m2/repository/io/cucumber/cucumber-java/6.10.4/cucumber-java-6.10.4.jar:/Users/karimmekdoud/.m2/repository/io/cucumber/cucumber-core/6.10.4/cucumber-core-6.10.4.jar:/Users/karimmekdoud/.m2/repository/io/cucumber/cucumber-gherkin/6.10.4/cucumber-gherkin-6.10.4.jar:/Users/karimmekdoud/.m2/repository/io/cucumber/cucumber-gherkin-messages/6.10.4/cucumber-gherkin-messages-6.10.4.jar:/Users/karimmekdoud/.m2/repository/io/cucumber/messages/15.0.0/messages-15.0.0.jar:/Users/karimmekdoud/.m2/repository/io/cucumber/tag-expressions/3.0.1/tag-expressions-3.0.1.jar:/Users/karimmekdoud/.m2/repository/io/cucumber/cucumber-expressions/10.3.0/cucumber-expressions-10.3.0.jar:/Users/karimmekdoud/.m2/repository/io/cucumber/datatable/3.5.0/datatable-3.5.0.jar:/Users/karimmekdoud/.m2/repository/io/cucumber/cucumber-plugin/6.10.4/cucumber-plugin-6.10.4.jar:/Users/karimmekdoud/.m2/repository/io/cucumber/docstring/6.10.4/docstring-6.10.4.jar:/Users/karimmekdoud/.m2/repository/io/cucumber/html-formatter/13.0.0/html-formatter-13.0.0.jar:/Users/karimmekdoud/.m2/repository/io/cucumber/create-meta/4.0.0/create-meta-4.0.0.jar:/Users/karimmekdoud/.m2/repository/io/cucumber/cucumber-junit/6.10.4/cucumber-junit-6.10.4.jar:/Users/karimmekdoud/.m2/repository/commons-io/commons-io/2.5/commons-io-2.5.jar:/Users/karimmekdoud/.m2/repository/tech/grasshopper/extentreports-cucumber6-adapter/2.8.2/extentreports-cucumber6-adapter-2.8.2.jar:/Users/karimmekdoud/.m2/repository/com/aventstack/extentreports/5.0.6/extentreports-5.0.6.jar:/Users/karimmekdoud/.m2/repository/io/reactivex/rxjava3/rxjava/3.0.4/rxjava-3.0.4.jar:/Users/karimmekdoud/.m2/repository/org/reactivestreams/reactive-streams/1.0.3/reactive-streams-1.0.3.jar:/Users/karimmekdoud/.m2/repository/org/freemarker/freemarker/2.3.30/freemarker-2.3.30.jar:/Users/karimmekdoud/.m2/repository/org/projectlombok/lombok/1.18.12/lombok-1.18.12.jar:/Users/karimmekdoud/.m2/repository/tech/grasshopper/extent-pdf-report/1.7.2/extent-pdf-report-1.7.2.jar:/Users/karimmekdoud/.m2/repository/tech/grasshopper/cucumber-pdf-report/2.2.3/cucumber-pdf-report-2.2.3.jar:/Users/karimmekdoud/.m2/repository/org/apache/pdfbox/pdfbox/2.0.22/pdfbox-2.0.22.jar:/Users/karimmekdoud/.m2/repository/org/apache/pdfbox/fontbox/2.0.22/fontbox-2.0.22.jar:/Users/karimmekdoud/.m2/repository/org/knowm/xchart/xchart/3.8.0/xchart-3.8.0.jar:/Users/karimmekdoud/.m2/repository/de/erichseifert/vectorgraphics2d/VectorGraphics2D/0.13/VectorGraphics2D-0.13.jar:/Users/karimmekdoud/.m2/repository/de/rototor/pdfbox/graphics2d/0.30/graphics2d-0.30.jar:/Users/karimmekdoud/.m2/repository/com/madgag/animated-gif-lib/1.4/animated-gif-lib-1.4.jar:/Users/karimmekdoud/.m2/repository/org/yaml/snakeyaml/1.28/snakeyaml-1.28.jar:/Users/karimmekdoud/.m2/repository/tech/grasshopper/table-layout/1.2.0/table-layout-1.2.0.jar:/Users/karimmekdoud/.m2/repository/com/aventstack/klov-reporter/5.0.6/klov-reporter-5.0.6.jar:/Users/karimmekdoud/.m2/repository/org/mongodb/bson/3.6.4/bson-3.6.4.jar:/Users/karimmekdoud/.m2/repository/org/apache/httpcomponents/httpmime/4.5.2/httpmime-4.5.2.jar:/Users/karimmekdoud/.m2/repository/org/mongodb/mongodb-driver/3.3.0/mongodb-driver-3.3.0.jar:/Users/karimmekdoud/.m2/repository/org/mongodb/mongodb-driver-core/3.3.0/mongodb-driver-core-3.3.0.jar:/Users/karimmekdoud/.m2/repository/net/masterthought/maven-cucumber-reporting/5.5.0/maven-cucumber-reporting-5.5.0.jar:/Users/karimmekdoud/.m2/repository/org/apache/maven/maven-plugin-api/3.6.3/maven-plugin-api-3.6.3.jar:/Users/karimmekdoud/.m2/repository/org/apache/maven/maven-model/3.6.3/maven-model-3.6.3.jar:/Users/karimmekdoud/.m2/repository/org/apache/maven/maven-artifact/3.6.3/maven-artifact-3.6.3.jar:/Users/karimmekdoud/.m2/repository/org/eclipse/sisu/org.eclipse.sisu.plexus/0.3.4/org.eclipse.sisu.plexus-0.3.4.jar:/Users/karimmekdoud/.m2/repository/javax/enterprise/cdi-api/1.0/cdi-api-1.0.jar:/Users/karimmekdoud/.m2/repository/javax/annotation/jsr250-api/1.0/jsr250-api-1.0.jar:/Users/karimmekdoud/.m2/repository/javax/inject/javax.inject/1/javax.inject-1.jar:/Users/karimmekdoud/.m2/repository/org/eclipse/sisu/org.eclipse.sisu.inject/0.3.4/org.eclipse.sisu.inject-0.3.4.jar:/Users/karimmekdoud/.m2/repository/org/codehaus/plexus/plexus-component-annotations/1.5.5/plexus-component-annotations-1.5.5.jar:/Users/karimmekdoud/.m2/repository/org/codehaus/plexus/plexus-utils/3.2.1/plexus-utils-3.2.1.jar:/Users/karimmekdoud/.m2/repository/org/codehaus/plexus/plexus-classworlds/2.6.0/plexus-classworlds-2.6.0.jar:/Users/karimmekdoud/.m2/repository/org/apache/maven/plugins/maven-gpg-plugin/1.6/maven-gpg-plugin-1.6.jar:/Users/karimmekdoud/.m2/repository/org/apache/maven/maven-project/2.2.1/maven-project-2.2.1.jar:/Users/karimmekdoud/.m2/repository/org/apache/maven/maven-settings/2.2.1/maven-settings-2.2.1.jar:/Users/karimmekdoud/.m2/repository/org/apache/maven/maven-profile/2.2.1/maven-profile-2.2.1.jar:/Users/karimmekdoud/.m2/repository/org/apache/maven/maven-artifact-manager/2.2.1/maven-artifact-manager-2.2.1.jar:/Users/karimmekdoud/.m2/repository/org/apache/maven/wagon/wagon-provider-api/1.0-beta-6/wagon-provider-api-1.0-beta-6.jar:/Users/karimmekdoud/.m2/repository/backport-util-concurrent/backport-util-concurrent/3.1/backport-util-concurrent-3.1.jar:/Users/karimmekdoud/.m2/repository/org/apache/maven/maven-plugin-registry/2.2.1/maven-plugin-registry-2.2.1.jar:/Users/karimmekdoud/.m2/repository/org/codehaus/plexus/plexus-interpolation/1.11/plexus-interpolation-1.11.jar:/Users/karimmekdoud/.m2/repository/org/codehaus/plexus/plexus-container-default/1.0-alpha-9-stable-1/plexus-container-default-1.0-alpha-9-stable-1.jar:/Users/karimmekdoud/.m2/repository/classworlds/classworlds/1.1-alpha-2/classworlds-1.1-alpha-2.jar:/Users/karimmekdoud/.m2/repository/org/apache/maven/maven-repository-metadata/2.2.1/maven-repository-metadata-2.2.1.jar:/Users/karimmekdoud/.m2/repository/org/sonatype/plexus/plexus-sec-dispatcher/1.4/plexus-sec-dispatcher-1.4.jar:/Users/karimmekdoud/.m2/repository/org/sonatype/plexus/plexus-cipher/1.4/plexus-cipher-1.4.jar:/Users/karimmekdoud/.m2/repository/net/masterthought/cucumber-reporting/5.5.2/cucumber-reporting-5.5.2.jar:/Users/karimmekdoud/.m2/repository/com/fasterxml/jackson/core/jackson-databind/2.12.1/jackson-databind-2.12.1.jar:/Users/karimmekdoud/.m2/repository/com/fasterxml/jackson/core/jackson-annotations/2.12.1/jackson-annotations-2.12.1.jar:/Users/karimmekdoud/.m2/repository/com/fasterxml/jackson/core/jackson-core/2.12.1/jackson-core-2.12.1.jar:/Users/karimmekdoud/.m2/repository/com/fasterxml/jackson/datatype/jackson-datatype-jsr310/2.12.1/jackson-datatype-jsr310-2.12.1.jar:/Users/karimmekdoud/.m2/repository/org/apache/velocity/velocity-engine-core/2.2/velocity-engine-core-2.2.jar:/Users/karimmekdoud/.m2/repository/commons-collections/commons-collections/3.2.2/commons-collections-3.2.2.jar:/Users/karimmekdoud/.m2/repository/joda-time/joda-time/2.10.9/joda-time-2.10.9.jar:/Users/karimmekdoud/.m2/repository/com/googlecode/owasp-java-html-sanitizer/owasp-java-html-sanitizer/20200713.1/owasp-java-html-sanitizer-20200713.1.jar:/Users/karimmekdoud/.m2/repository/commons-configuration/commons-configuration/1.10/commons-configuration-1.10.jar:/Users/karimmekdoud/.m2/repository/commons-lang/commons-lang/2.6/commons-lang-2.6.jar:/Users/karimmekdoud/.m2/repository/org/seleniumhq/selenium/selenium-java/3.141.59/selenium-java-3.141.59.jar:/Users/karimmekdoud/.m2/repository/org/seleniumhq/selenium/selenium-api/3.141.59/selenium-api-3.141.59.jar:/Users/karimmekdoud/.m2/repository/org/seleniumhq/selenium/selenium-chrome-driver/3.141.59/selenium-chrome-driver-3.141.59.jar:/Users/karimmekdoud/.m2/repository/org/seleniumhq/selenium/selenium-edge-driver/3.141.59/selenium-edge-driver-3.141.59.jar:/Users/karimmekdoud/.m2/repository/org/seleniumhq/selenium/selenium-firefox-driver/3.141.59/selenium-firefox-driver-3.141.59.jar:/Users/karimmekdoud/.m2/repository/org/seleniumhq/selenium/selenium-ie-driver/3.141.59/selenium-ie-driver-3.141.59.jar:/Users/karimmekdoud/.m2/repository/org/seleniumhq/selenium/selenium-opera-driver/3.141.59/selenium-opera-driver-3.141.59.jar:/Users/karimmekdoud/.m2/repository/org/seleniumhq/selenium/selenium-remote-driver/3.141.59/selenium-remote-driver-3.141.59.jar:/Users/karimmekdoud/.m2/repository/org/seleniumhq/selenium/selenium-safari-driver/3.141.59/selenium-safari-driver-3.141.59.jar:/Users/karimmekdoud/.m2/repository/org/seleniumhq/selenium/selenium-support/3.141.59/selenium-support-3.141.59.jar:/Users/karimmekdoud/.m2/repository/net/bytebuddy/byte-buddy/1.8.15/byte-buddy-1.8.15.jar:/Users/karimmekdoud/.m2/repository/org/apache/commons/commons-exec/1.3/commons-exec-1.3.jar:/Users/karimmekdoud/.m2/repository/com/google/guava/guava/25.0-jre/guava-25.0-jre.jar:/Users/karimmekdoud/.m2/repository/com/google/code/findbugs/jsr305/1.3.9/jsr305-1.3.9.jar:/Users/karimmekdoud/.m2/repository/org/checkerframework/checker-compat-qual/2.0.0/checker-compat-qual-2.0.0.jar:/Users/karimmekdoud/.m2/repository/com/google/errorprone/error_prone_annotations/2.1.3/error_prone_annotations-2.1.3.jar:/Users/karimmekdoud/.m2/repository/com/google/j2objc/j2objc-annotations/1.1/j2objc-annotations-1.1.jar:/Users/karimmekdoud/.m2/repository/org/codehaus/mojo/animal-sniffer-annotations/1.14/animal-sniffer-annotations-1.14.jar:/Users/karimmekdoud/.m2/repository/com/squareup/okhttp3/okhttp/3.11.0/okhttp-3.11.0.jar:/Users/karimmekdoud/.m2/repository/com/squareup/okio/okio/1.14.0/okio-1.14.0.jar:/Users/karimmekdoud/.m2/repository/io/github/bonigarcia/webdrivermanager/3.8.1/webdrivermanager-3.8.1.jar:/Users/karimmekdoud/.m2/repository/org/slf4j/slf4j-api/1.7.25/slf4j-api-1.7.25.jar:/Users/karimmekdoud/.m2/repository/com/google/code/gson/gson/2.8.5/gson-2.8.5.jar:/Users/karimmekdoud/.m2/repository/org/apache/commons/commons-lang3/3.8.1/commons-lang3-3.8.1.jar:/Users/karimmekdoud/.m2/repository/org/apache/httpcomponents/httpclient/4.5.6/httpclient-4.5.6.jar:/Users/karimmekdoud/.m2/repository/org/apache/httpcomponents/httpcore/4.4.10/httpcore-4.4.10.jar:/Users/karimmekdoud/.m2/repository/commons-logging/commons-logging/1.2/commons-logging-1.2.jar:/Users/karimmekdoud/.m2/repository/commons-codec/commons-codec/1.10/commons-codec-1.10.jar:/Users/karimmekdoud/.m2/repository/org/rauschig/jarchivelib/1.0.0/jarchivelib-1.0.0.jar:/Users/karimmekdoud/.m2/repository/org/apache/commons/commons-compress/1.18/commons-compress-1.18.jar:/Users/karimmekdoud/.m2/repository/org/jsoup/jsoup/1.11.3/jsoup-1.11.3.jar:/Users/karimmekdoud/.m2/repository/log4j/log4j/1.2.17/log4j-1.2.17.jar:"/>
    <property name="sun.cpu.endian" value="little"/>
    <property name="user.home" value="/Users/karimmekdoud"/>
    <property name="user.language" value="en"/>
    <property name="java.specification.vendor" value="Oracle Corporation"/>
    <property name="java.home" value="/Library/Java/JavaVirtualMachines/jdk1.8.0_251.jdk/Contents/Home/jre"/>
    <property name="basedir" value="/Users/karimmekdoud/Desktop/CucumberJenkinsIntegration"/>
    <property name="file.separator" value="/"/>
    <property name="line.separator" value="&#10;"/>
    <property name="java.vm.specification.vendor" value="Oracle Corporation"/>
    <property name="java.specification.name" value="Java Platform API Specification"/>
    <property name="java.awt.graphicsenv" value="sun.awt.CGraphicsEnvironment"/>
    <property name="CloudEnvName" value=""/>
    <property name="surefire.real.class.path" value="/Users/karimmekdoud/Desktop/CucumberJenkinsIntegration/target/surefire/surefirebooter2179181586152846753.jar"/>
    <property name="sun.boot.class.path" value="/Library/Java/JavaVirtualMachines/jdk1.8.0_251.jdk/Contents/Home/jre/lib/resources.jar:/Library/Java/JavaVirtualMachines/jdk1.8.0_251.jdk/Contents/Home/jre/lib/rt.jar:/Library/Java/JavaVirtualMachines/jdk1.8.0_251.jdk/Contents/Home/jre/lib/sunrsasign.jar:/Library/Java/JavaVirtualMachines/jdk1.8.0_251.jdk/Contents/Home/jre/lib/jsse.jar:/Library/Java/JavaVirtualMachines/jdk1.8.0_251.jdk/Contents/Home/jre/lib/jce.jar:/Library/Java/JavaVirtualMachines/jdk1.8.0_251.jdk/Contents/Home/jre/lib/charsets.jar:/Library/Java/JavaVirtualMachines/jdk1.8.0_251.jdk/Contents/Home/jre/lib/jfr.jar:/Library/Java/JavaVirtualMachines/jdk1.8.0_251.jdk/Contents/Home/jre/classes"/>
    <property name="sun.management.compiler" value="HotSpot 64-Bit Tiered Compilers"/>
    <property name="ftp.nonProxyHosts" value="local|*.local|169.254/16|*.169.254/16"/>
    <property name="java.runtime.version" value="1.8.0_251-b08"/>
    <property name="user.name" value="karimmekdoud"/>
    <property name="path.separator" value=":"/>
    <property name="os.version" value="10.16"/>
    <property name="java.endorsed.dirs" value="/Library/Java/JavaVirtualMachines/jdk1.8.0_251.jdk/Contents/Home/jre/lib/endorsed"/>
    <property name="java.runtime.name" value="Java(TM) SE Runtime Environment"/>
    <property name="file.encoding" value="UTF-8"/>
    <property name="java.vm.name" value="Java HotSpot(TM) 64-Bit Server VM"/>
    <property name="TestingEnvironment" value=""/>
    <property name="localRepository" value="/Users/karimmekdoud/.m2/repository"/>
    <property name="java.vendor.url.bug" value="http://bugreport.sun.com/bugreport/"/>
    <property name="java.io.tmpdir" value="/var/folders/jk/jdwgknx526gfy49__69krsf80000gn/T/"/>
    <property name="idea.version" value="2021.2.2"/>
    <property name="java.version" value="1.8.0_251"/>
    <property name="user.dir" value="/Users/karimmekdoud/Desktop/CucumberJenkinsIntegration"/>
    <property name="os.arch" value="x86_64"/>
    <property name="java.vm.specification.name" value="Java Virtual Machine Specification"/>
    <property name="ImplicitlyWaitTime" value=""/>
    <property name="java.awt.printerjob" value="sun.lwawt.macosx.CPrinterJob"/>
    <property name="sun.os.patch.level" value="unknown"/>
    <property name="Os_version" value=""/>
    <property name="java.library.path" value="/Users/karimmekdoud/Library/Java/Extensions:/Library/Java/Extensions:/Network/Library/Java/Extensions:/System/Library/Java/Extensions:/usr/lib/java:."/>
    <property name="java.vm.info" value="mixed mode"/>
    <property name="java.vendor" value="Oracle Corporation"/>
    <property name="java.vm.version" value="25.251-b08"/>
    <property name="java.ext.dirs" value="/Users/karimmekdoud/Library/Java/Extensions:/Library/Java/JavaVirtualMachines/jdk1.8.0_251.jdk/Contents/Home/jre/lib/ext:/Library/Java/Extensions:/Network/Library/Java/Extensions:/System/Library/Java/Extensions:/usr/lib/java"/>
    <property name="sun.io.unicode.encoding" value="UnicodeBig"/>
    <property name="UseCloudEnv" value=""/>
    <property name="java.class.version" value="52.0"/>
    <property name="socksNonProxyHosts" value="local|*.local|169.254/16|*.169.254/16"/>
    <property name="BrowserVersion" value=""/>
  </properties>
  <testcase name=": testing search box in amazon home page #1" classname="Amazon search box" time="7.024"/>
  <testcase name=": testing search box in amazon home page #2" classname="Amazon search box" time="5.973"/>
  <testcase name=": testing search box in amazon home page #3" classname="Amazon search box" time="6.284"/>
  <testcase name="Create Order Event Transformer" classname="FFM-OCMF-CreateOrderEventTransformerComparator" time="3.591"/>
  <testcase name="Create Order Event Validation" classname="FFM-OCMF-CreateOrderEventValidation" time="3.251"/>
</testsuite>